HeuristicLab 3.3.exe Information: 0 : HeuristicLab.Persistence.Default.Xml.XmlParser - deserialization of C:\Users\shmig\AppData\Local\Temp\tmp9EAC.tmp took 2,796875 seconds
HeuristicLab 3.3.exe Information: 0 : HeuristicLab.Persistence.Default.Xml.XmlParser - deserialization of C:\Users\shmig\AppData\Local\Temp\tmpA516.tmp took 0,375 seconds
HeuristicLab 3.3.exe Information: 0 : HeuristicLab.Persistence.Default.Xml.XmlParser - deserialization of C:\Users\shmig\AppData\Local\Temp\tmpA6AD.tmp took 0,359375 seconds
HeuristicLab 3.3.exe Information: 0 : HeuristicLab.Persistence.Default.Xml.XmlParser - deserialization of C:\Users\shmig\AppData\Local\Temp\tmpA825.tmp took 0,546875 seconds
HeuristicLab 3.3.exe Information: 0 : HeuristicLab.Persistence.Default.Xml.XmlParser - deserialization of C:\Users\shmig\AppData\Local\Temp\tmpAA58.tmp took 0,46875 seconds
HeuristicLab 3.3.exe Information: 0 : HeuristicLab.Persistence.Default.Xml.XmlParser - deserialization of C:\Users\shmig\AppData\Local\Temp\tmpABD0.tmp took 0,640625 seconds
HeuristicLab 3.3.exe Information: 0 : HeuristicLab.Persistence.Default.Xml.XmlParser - deserialization of C:\Users\shmig\AppData\Local\Temp\tmpAE90.tmp took 0,75 seconds
HeuristicLab 3.3.exe Information: 0 : HeuristicLab.Persistence.Default.Xml.XmlParser - deserialization of C:\Users\shmig\AppData\Local\Temp\tmpB299.tmp took 0,34375 seconds
HeuristicLab 3.3.exe Information: 0 : HeuristicLab.Persistence.Default.Xml.XmlParser - deserialization of C:\Users\shmig\AppData\Local\Temp\tmpB411.tmp took 0,296875 seconds
HeuristicLab 3.3.exe Information: 0 : HeuristicLab.Persistence.Default.Xml.XmlParser - deserialization of C:\Users\shmig\AppData\Local\Temp\tmpB569.tmp took 0,296875 seconds
HeuristicLab 3.3.exe Information: 0 : HeuristicLab.Persistence.Default.Xml.XmlParser - deserialization of C:\Users\shmig\AppData\Local\Temp\tmpB6E1.tmp took 0,3125 seconds
HeuristicLab 3.3.exe Information: 0 : HeuristicLab.Persistence.Default.Xml.XmlParser - deserialization of C:\Users\shmig\AppData\Local\Temp\tmpB83A.tmp took 0,328125 seconds
HeuristicLab 3.3.exe Information: 0 : HeuristicLab.Persistence.Default.Xml.XmlParser - deserialization of C:\Users\shmig\AppData\Local\Temp\tmpB9A3.tmp took 0,359375 seconds
HeuristicLab 3.3.exe Information: 0 : HeuristicLab.Persistence.Default.Xml.XmlParser - deserialization of C:\Users\shmig\AppData\Local\Temp\tmpBAFB.tmp took 0,34375 seconds
HeuristicLab 3.3.exe Information: 0 : HeuristicLab.Persistence.Default.Xml.XmlParser - deserialization of C:\Users\shmig\AppData\Local\Temp\tmpBCA2.tmp took 0,296875 seconds
HeuristicLab 3.3.exe Information: 0 : HeuristicLab.Persistence.Default.Xml.XmlParser - deserialization of C:\Users\shmig\AppData\Local\Temp\tmpBDEB.tmp took 0,53125 seconds
HeuristicLab 3.3.exe Information: 0 : HeuristicLab.Persistence.Default.Xml.XmlParser - deserialization of C:\Users\shmig\AppData\Local\Temp\tmpC000.tmp took 0,328125 seconds
HeuristicLab 3.3.exe Information: 0 : HeuristicLab.Persistence.Default.Xml.XmlParser - deserialization of C:\Users\shmig\AppData\Local\Temp\tmpC1A6.tmp took 0,6875 seconds
HeuristicLab 3.3.exe Information: 0 : HeuristicLab.Persistence.Default.Xml.XmlParser - deserialization of C:\Users\shmig\AppData\Local\Temp\tmpC3F9.tmp took 0,296875 seconds
HeuristicLab 3.3.exe Information: 0 : HeuristicLab.Persistence.Default.Xml.XmlParser - deserialization of C:\Users\shmig\AppData\Local\Temp\tmpC552.tmp took 0,359375 seconds
HeuristicLab 3.3.exe Information: 0 : HeuristicLab.Persistence.Default.Xml.XmlParser - deserialization of C:\Users\shmig\AppData\Local\Temp\tmpC6BA.tmp took 0,46875 seconds
HeuristicLab 3.3.exe Information: 0 : HeuristicLab.Persistence.Default.Xml.XmlParser - deserialization of C:\Users\shmig\AppData\Local\Temp\tmpC8EE.tmp took 0,796875 seconds
HeuristicLab 3.3.exe Information: 0 : HeuristicLab.Persistence.Default.Xml.XmlParser - deserialization of C:\Users\shmig\AppData\Local\Temp\tmpCC0C.tmp took 0,515625 seconds
HeuristicLab 3.3.exe Information: 0 : HeuristicLab.Persistence.Default.Xml.XmlParser - deserialization of C:\Users\shmig\AppData\Local\Temp\tmpCEEB.tmp took 0,828125 seconds
HeuristicLab 3.3.exe Information: 0 : HeuristicLab.Persistence.Default.Xml.XmlParser - deserialization of C:\Users\shmig\AppData\Local\Temp\tmpD1EA.tmp took 0,5625 seconds
HeuristicLab 3.3.exe Information: 0 : HeuristicLab.Persistence.Default.Xml.XmlParser - deserialization of C:\Users\shmig\AppData\Local\Temp\tmpD46B.tmp took 0,46875 seconds
HeuristicLab 3.3.exe Information: 0 : HeuristicLab.Persistence.Default.Xml.XmlParser - deserialization of C:\Users\shmig\AppData\Local\Temp\tmpD660.tmp took 0,140625 seconds
HeuristicLab 3.3.exe Information: 0 : HeuristicLab.Persistence.Default.Xml.XmlParser - deserialization of C:\Users\shmig\AppData\Local\Temp\tmpD74C.tmp took 0,359375 seconds
HeuristicLab 3.3.exe Information: 0 : HeuristicLab.Persistence.Default.Xml.XmlParser - deserialization of C:\Users\shmig\AppData\Local\Temp\tmpD847.tmp took 0,03125 seconds
HeuristicLab 3.3.exe Information: 0 : HeuristicLab.Persistence.Default.Xml.XmlParser - deserialization of C:\Users\shmig\AppData\Local\Temp\tmpD877.tmp took 0,03125 seconds
HeuristicLab 3.3.exe Information: 0 : HeuristicLab.Persistence.Default.Xml.XmlParser - deserialization of C:\Users\shmig\AppData\Local\Temp\tmpD8A6.tmp took 0,109375 seconds
HeuristicLab 3.3.exe Information: 0 : HeuristicLab.Persistence.Default.Xml.XmlParser - deserialization of C:\Users\shmig\AppData\Local\Temp\tmpD8E6.tmp took 0,046875 seconds
HeuristicLab 3.3.exe Information: 0 : HeuristicLab.Persistence.Default.Xml.XmlParser - deserialization of C:\Users\shmig\AppData\Local\Temp\tmpD954.tmp took 0,109375 seconds
HeuristicLab 3.3.exe Information: 0 : HeuristicLab.Persistence.Default.Xml.XmlParser - deserialization of C:\Users\shmig\AppData\Local\Temp\tmpD994.tmp took 0,078125 seconds
HeuristicLab 3.3.exe Information: 0 : HeuristicLab.Persistence.Default.Xml.XmlParser - deserialization of C:\Users\shmig\AppData\Local\Temp\tmp2C22.tmp took 3,140625 seconds
HeuristicLab 3.3.exe Information: 0 : HeuristicLab.Persistence.Default.Xml.XmlParser - deserialization of C:\Users\shmig\AppData\Local\Temp\tmp3134.tmp took 0,53125 seconds
HeuristicLab 3.3.exe Information: 0 : HeuristicLab.Persistence.Default.Xml.XmlParser - deserialization of C:\Users\shmig\AppData\Local\Temp\tmp32BB.tmp took 0,4375 seconds
HeuristicLab 3.3.exe Information: 0 : HeuristicLab.Persistence.Default.Xml.XmlParser - deserialization of C:\Users\shmig\AppData\Local\Temp\tmp3424.tmp took 0,40625 seconds
HeuristicLab 3.3.exe Information: 0 : HeuristicLab.Persistence.Default.Xml.XmlParser - deserialization of C:\Users\shmig\AppData\Local\Temp\tmp35CB.tmp took 0,328125 seconds
HeuristicLab 3.3.exe Information: 0 : HeuristicLab.Persistence.Default.Xml.XmlParser - deserialization of C:\Users\shmig\AppData\Local\Temp\tmp36F5.tmp took 0,625 seconds
HeuristicLab 3.3.exe Information: 0 : HeuristicLab.Persistence.Default.Xml.XmlParser - deserialization of C:\Users\shmig\AppData\Local\Temp\tmp3976.tmp took 0,703125 seconds
HeuristicLab 3.3.exe Information: 0 : HeuristicLab.Persistence.Default.Xml.XmlParser - deserialization of C:\Users\shmig\AppData\Local\Temp\tmp3C07.tmp took 0,359375 seconds
HeuristicLab 3.3.exe Information: 0 : HeuristicLab.Persistence.Default.Xml.XmlParser - deserialization of C:\Users\shmig\AppData\Local\Temp\tmp3D8F.tmp took 0,28125 seconds
HeuristicLab 3.3.exe Information: 0 : HeuristicLab.Persistence.Default.Xml.XmlParser - deserialization of C:\Users\shmig\AppData\Local\Temp\tmp3E9A.tmp took 0,328125 seconds
HeuristicLab 3.3.exe Information: 0 : HeuristicLab.Persistence.Default.Xml.XmlParser - deserialization of C:\Users\shmig\AppData\Local\Temp\tmp3FD3.tmp took 0,546875 seconds
HeuristicLab 3.3.exe Information: 0 : HeuristicLab.Persistence.Default.Xml.XmlParser - deserialization of C:\Users\shmig\AppData\Local\Temp\tmp414B.tmp took 0,296875 seconds
HeuristicLab 3.3.exe Information: 0 : HeuristicLab.Persistence.Default.Xml.XmlParser - deserialization of C:\Users\shmig\AppData\Local\Temp\tmp4285.tmp took 0,28125 seconds
HeuristicLab 3.3.exe Information: 0 : HeuristicLab.Persistence.Default.Xml.XmlParser - deserialization of C:\Users\shmig\AppData\Local\Temp\tmp438F.tmp took 0,3125 seconds
HeuristicLab 3.3.exe Information: 0 : HeuristicLab.Persistence.Default.Xml.XmlParser - deserialization of C:\Users\shmig\AppData\Local\Temp\tmp44C9.tmp took 0,328125 seconds
HeuristicLab 3.3.exe Information: 0 : HeuristicLab.Persistence.Default.Xml.XmlParser - deserialization of C:\Users\shmig\AppData\Local\Temp\tmp45F3.tmp took 0,765625 seconds
HeuristicLab 3.3.exe Information: 0 : HeuristicLab.Persistence.Default.Xml.XmlParser - deserialization of C:\Users\shmig\AppData\Local\Temp\tmp48A3.tmp took 0,34375 seconds
HeuristicLab 3.3.exe Information: 0 : HeuristicLab.Persistence.Default.Xml.XmlParser - deserialization of C:\Users\shmig\AppData\Local\Temp\tmp49EC.tmp took 0,46875 seconds
HeuristicLab 3.3.exe Information: 0 : HeuristicLab.Persistence.Default.Xml.XmlParser - deserialization of C:\Users\shmig\AppData\Local\Temp\tmp4BB2.tmp took 0,3125 seconds
HeuristicLab 3.3.exe Information: 0 : HeuristicLab.Persistence.Default.Xml.XmlParser - deserialization of C:\Users\shmig\AppData\Local\Temp\tmp4CDC.tmp took 0,359375 seconds
HeuristicLab 3.3.exe Information: 0 : HeuristicLab.Persistence.Default.Xml.XmlParser - deserialization of C:\Users\shmig\AppData\Local\Temp\tmp4E25.tmp took 0,53125 seconds
HeuristicLab 3.3.exe Information: 0 : HeuristicLab.Persistence.Default.Xml.XmlParser - deserialization of C:\Users\shmig\AppData\Local\Temp\tmp500B.tmp took 0,71875 seconds
HeuristicLab 3.3.exe Information: 0 : HeuristicLab.Persistence.Default.Xml.XmlParser - deserialization of C:\Users\shmig\AppData\Local\Temp\tmp52BB.tmp took 0,515625 seconds
HeuristicLab 3.3.exe Information: 0 : HeuristicLab.Persistence.Default.Xml.XmlParser - deserialization of C:\Users\shmig\AppData\Local\Temp\tmp54B0.tmp took 0,921875 seconds
HeuristicLab 3.3.exe Information: 0 : HeuristicLab.Persistence.Default.Xml.XmlParser - deserialization of C:\Users\shmig\AppData\Local\Temp\tmp5742.tmp took 0,546875 seconds
HeuristicLab 3.3.exe Information: 0 : HeuristicLab.Persistence.Default.Xml.XmlParser - deserialization of C:\Users\shmig\AppData\Local\Temp\tmp5927.tmp took 0,4375 seconds
HeuristicLab 3.3.exe Information: 0 : HeuristicLab.Persistence.Default.Xml.XmlParser - deserialization of C:\Users\shmig\AppData\Local\Temp\tmp5ACE.tmp took 0,203125 seconds
HeuristicLab 3.3.exe Information: 0 : HeuristicLab.Persistence.Default.Xml.XmlParser - deserialization of C:\Users\shmig\AppData\Local\Temp\tmp5B8A.tmp took 0,25 seconds
HeuristicLab 3.3.exe Information: 0 : HeuristicLab.Persistence.Default.Xml.XmlParser - deserialization of C:\Users\shmig\AppData\Local\Temp\tmp5C56.tmp took 0,03125 seconds
HeuristicLab 3.3.exe Information: 0 : HeuristicLab.Persistence.Default.Xml.XmlParser - deserialization of C:\Users\shmig\AppData\Local\Temp\tmp5C86.tmp took 0,03125 seconds
HeuristicLab 3.3.exe Information: 0 : HeuristicLab.Persistence.Default.Xml.XmlParser - deserialization of C:\Users\shmig\AppData\Local\Temp\tmp5CB6.tmp took 0,125 seconds
HeuristicLab 3.3.exe Information: 0 : HeuristicLab.Persistence.Default.Xml.XmlParser - deserialization of C:\Users\shmig\AppData\Local\Temp\tmp5CF6.tmp took 0,09375 seconds
HeuristicLab 3.3.exe Information: 0 : HeuristicLab.Persistence.Default.Xml.XmlParser - deserialization of C:\Users\shmig\AppData\Local\Temp\tmp5D45.tmp took 0,09375 seconds
HeuristicLab 3.3.exe Information: 0 : HeuristicLab.Persistence.Default.Xml.XmlParser - deserialization of C:\Users\shmig\AppData\Local\Temp\tmp5D84.tmp took 0,09375 seconds
